  Entity.cpp
d:\unity\hae_gp2\cours7\cours3\world.hpp(6): error C2065: 'Entity' : identificateur non déclaré
d:\unity\hae_gp2\cours7\cours3\world.hpp(6): error C2059: erreur de syntaxe : '>'
d:\unity\hae_gp2\cours7\cours3\world.hpp(6): error C2062: type 'unknown-type' inattendu
d:\unity\hae_gp2\cours7\cours3\world.hpp(6): error C2238: jetons inattendus avant ';'
d:\unity\hae_gp2\cours7\cours3\entity.hpp(23): warning C4244: '=' : conversion de 'float' en 'int', perte possible de données
d:\unity\hae_gp2\cours7\cours3\entity.hpp(24): warning C4244: '=' : conversion de 'float' en 'int', perte possible de données
d:\unity\hae_gp2\cours7\cours3\entity.hpp(25): error C2039: 'entities' : n'est pas membre de 'World'
  d:\unity\hae_gp2\cours7\cours3\world.hpp(4): note: voir la déclaration de 'World'
d:\unity\hae_gp2\cours7\cours3\entity.hpp(25): error C2065: 'entities' : identificateur non déclaré
d:\unity\hae_gp2\cours7\cours3\entity.cpp(8): warning C4305: '*=' : troncation de 'double' à 'float'
d:\unity\hae_gp2\cours7\cours3\entity.cpp(9): warning C4305: '*=' : troncation de 'double' à 'float'
d:\unity\hae_gp2\cours7\cours3\entity.cpp(31): warning C4244: 'argument' : conversion de 'int' en 'float', perte possible de données
d:\unity\hae_gp2\cours7\cours3\entity.cpp(32): warning C4305: '=' : troncation de 'double' à 'float'
d:\unity\hae_gp2\cours7\cours3\entity.cpp(34): warning C4244: 'argument' : conversion de 'int' en 'float', perte possible de données
d:\unity\hae_gp2\cours7\cours3\entity.cpp(35): warning C4305: '=' : troncation de 'double' à 'float'
d:\unity\hae_gp2\cours7\cours3\entity.cpp(37): warning C4244: 'argument' : conversion de 'int' en 'float', perte possible de données
d:\unity\hae_gp2\cours7\cours3\entity.cpp(38): warning C4305: '=' : troncation de 'double' à 'float'
d:\unity\hae_gp2\cours7\cours3\entity.cpp(40): warning C4244: 'argument' : conversion de 'int' en 'float', perte possible de données
d:\unity\hae_gp2\cours7\cours3\entity.cpp(41): warning C4305: '=' : troncation de 'double' à 'float'
d:\unity\hae_gp2\cours7\cours3\entity.cpp(50): error C2039: 'entities' : n'est pas membre de 'World'
  d:\unity\hae_gp2\cours7\cours3\world.hpp(4): note: voir la déclaration de 'World'
d:\unity\hae_gp2\cours7\cours3\entity.cpp(50): error C2065: 'entities' : identificateur non déclaré
d:\unity\hae_gp2\cours7\cours3\entity.cpp(50): error C3312: aucune fonction 'begin' pouvant être appelée n'a été trouvée pour le type 'unknown-type'
d:\unity\hae_gp2\cours7\cours3\entity.cpp(50): error C3312: aucune fonction 'end' pouvant être appelée n'a été trouvée pour le type 'unknown-type'
d:\unity\hae_gp2\cours7\cours3\entity.cpp(52): error C2065: 'e' : identificateur non déclaré
d:\unity\hae_gp2\cours7\cours3\entity.cpp(59): warning C4244: '=' : conversion de 'float' en 'int', perte possible de données
d:\unity\hae_gp2\cours7\cours3\entity.cpp(60): warning C4244: '=' : conversion de 'float' en 'int', perte possible de données
d:\unity\hae_gp2\cours7\cours3\entity.cpp(66): error C2039: 'entities' : n'est pas membre de 'World'
  d:\unity\hae_gp2\cours7\cours3\world.hpp(4): note: voir la déclaration de 'World'
d:\unity\hae_gp2\cours7\cours3\entity.cpp(66): error C2065: 'entities' : identificateur non déclaré
d:\unity\hae_gp2\cours7\cours3\entity.cpp(67): error C2039: 'entities' : n'est pas membre de 'World'
  d:\unity\hae_gp2\cours7\cours3\world.hpp(4): note: voir la déclaration de 'World'
d:\unity\hae_gp2\cours7\cours3\entity.cpp(67): error C2065: 'entities' : identificateur non déclaré
  Source.cpp
d:\unity\hae_gp2\cours7\cours3\world.hpp(6): error C2065: 'Entity' : identificateur non déclaré
d:\unity\hae_gp2\cours7\cours3\world.hpp(6): error C2059: erreur de syntaxe : '>'
d:\unity\hae_gp2\cours7\cours3\world.hpp(6): error C2062: type 'unknown-type' inattendu
d:\unity\hae_gp2\cours7\cours3\world.hpp(6): error C2238: jetons inattendus avant ';'
d:\unity\hae_gp2\cours7\cours3\entity.hpp(23): warning C4244: '=' : conversion de 'float' en 'int', perte possible de données
d:\unity\hae_gp2\cours7\cours3\entity.hpp(24): warning C4244: '=' : conversion de 'float' en 'int', perte possible de données
d:\unity\hae_gp2\cours7\cours3\entity.hpp(25): error C2039: 'entities' : n'est pas membre de 'World'
  d:\unity\hae_gp2\cours7\cours3\world.hpp(4): note: voir la déclaration de 'World'
d:\unity\hae_gp2\cours7\cours3\entity.hpp(25): error C2065: 'entities' : identificateur non déclaré
d:\unity\hae_gp2\cours7\cours3\source.cpp(32): warning C4244: 'argument' : conversion de 'T' en 'float', perte possible de données
          with
          [
              T=unsigned int
          ]
d:\unity\hae_gp2\cours7\cours3\source.cpp(32): warning C4244: 'argument' : conversion de 'double' en 'float', perte possible de données
d:\unity\hae_gp2\cours7\cours3\source.cpp(39): warning C4244: 'argument' : conversion de 'T' en 'float', perte possible de données
          with
          [
              T=unsigned int
          ]
d:\unity\hae_gp2\cours7\cours3\source.cpp(39): warning C4244: 'argument' : conversion de 'double' en 'float', perte possible de données
d:\unity\hae_gp2\cours7\cours3\source.cpp(63): warning C4244: '=' : conversion de 'double' en 'float', perte possible de données
d:\unity\hae_gp2\cours7\cours3\source.cpp(66): warning C4244: '=' : conversion de 'double' en 'float', perte possible de données
d:\unity\hae_gp2\cours7\cours3\source.cpp(69): warning C4244: '=' : conversion de 'double' en 'float', perte possible de données
d:\unity\hae_gp2\cours7\cours3\source.cpp(72): warning C4244: '=' : conversion de 'double' en 'float', perte possible de données
  Génération de code en cours...
