  Entity.cpp
d:\unity\hae_gp2\tanksproject_old\cours3\entity.cpp(13): warning C4244: 'return' : conversion de 'int' en 'float', perte possible de données
d:\unity\hae_gp2\tanksproject_old\cours3\entity.cpp(18): warning C4244: 'argument' : conversion de 'float' en 'int', perte possible de données
d:\unity\hae_gp2\tanksproject_old\cours3\entity.cpp(18): warning C4244: 'argument' : conversion de 'T' en 'int', perte possible de données
          with
          [
              T=float
          ]
d:\unity\hae_gp2\tanksproject_old\cours3\entity.cpp(19): warning C4244: 'argument' : conversion de 'float' en 'int', perte possible de données
d:\unity\hae_gp2\tanksproject_old\cours3\entity.cpp(19): warning C4244: 'argument' : conversion de 'T' en 'int', perte possible de données
          with
          [
              T=float
          ]
d:\unity\hae_gp2\tanksproject_old\cours3\entity.cpp(24): warning C4244: '+=' : conversion de 'double' en 'T', perte possible de données
          with
          [
              T=float
          ]
d:\unity\hae_gp2\tanksproject_old\cours3\entity.cpp(27): warning C4244: 'argument' : conversion de 'double' en 'float', perte possible de données
d:\unity\hae_gp2\tanksproject_old\cours3\entity.cpp(28): warning C4244: '-=' : conversion de 'double' en 'float', perte possible de données
d:\unity\hae_gp2\tanksproject_old\cours3\entity.cpp(36): warning C4244: 'argument' : conversion de 'double' en 'float', perte possible de données
d:\unity\hae_gp2\tanksproject_old\cours3\entity.cpp(41): warning C4244: 'argument' : conversion de 'double' en 'float', perte possible de données
d:\unity\hae_gp2\tanksproject_old\cours3\entity.cpp(47): warning C4244: 'argument' : conversion de 'double' en 'float', perte possible de données
d:\unity\hae_gp2\tanksproject_old\cours3\entity.cpp(53): warning C4244: 'argument' : conversion de 'double' en 'float', perte possible de données
d:\unity\hae_gp2\tanksproject_old\cours3\entity.cpp(57): warning C4244: '-=' : conversion de 'double' en 'float', perte possible de données
d:\unity\hae_gp2\tanksproject_old\cours3\entity.cpp(59): warning C4244: 'initialisation' : conversion de 'int' en 'float', perte possible de données
d:\unity\hae_gp2\tanksproject_old\cours3\entity.cpp(63): warning C4244: 'initialisation' : conversion de 'int' en 'float', perte possible de données
d:\unity\hae_gp2\tanksproject_old\cours3\entity.cpp(69): warning C4244: 'initialisation' : conversion de 'int' en 'float', perte possible de données
d:\unity\hae_gp2\tanksproject_old\cours3\entity.cpp(76): warning C4244: '=' : conversion de 'int' en 'float', perte possible de données
  World.cpp
d:\unity\hae_gp2\tanksproject_old\cours3\world.cpp(152): warning C4244: 'argument' : conversion de 'int' en 'T', perte possible de données
          with
          [
              T=float
          ]
d:\unity\hae_gp2\tanksproject_old\cours3\world.cpp(153): warning C4244: 'argument' : conversion de 'int' en 'T', perte possible de données
          with
          [
              T=float
          ]
d:\unity\hae_gp2\tanksproject_old\cours3\world.cpp(164): warning C4244: 'argument' : conversion de 'int' en 'T', perte possible de données
          with
          [
              T=float
          ]
d:\unity\hae_gp2\tanksproject_old\cours3\world.cpp(165): warning C4244: 'argument' : conversion de 'int' en 'T', perte possible de données
          with
          [
              T=float
          ]
d:\unity\hae_gp2\tanksproject_old\cours3\world.cpp(173): warning C4244: 'argument' : conversion de 'int' en 'T', perte possible de données
          with
          [
              T=float
          ]
d:\unity\hae_gp2\tanksproject_old\cours3\world.cpp(174): warning C4244: 'argument' : conversion de 'int' en 'T', perte possible de données
          with
          [
              T=float
          ]
d:\unity\hae_gp2\tanksproject_old\cours3\world.cpp(183): warning C4244: 'argument' : conversion de 'int' en 'float', perte possible de données
d:\unity\hae_gp2\tanksproject_old\cours3\world.cpp(184): warning C4244: 'argument' : conversion de 'int' en 'T', perte possible de données
          with
          [
              T=float
          ]
d:\unity\hae_gp2\tanksproject_old\cours3\world.cpp(197): warning C4244: 'argument' : conversion de 'int' en 'T', perte possible de données
          with
          [
              T=float
          ]
  Génération de code en cours...
  cours3.vcxproj -> D:\unity\hae_gp2\TanksProject_old\x64\Debug\cours3.exe
