  cours3.cpp
c:\workspacegp2\hae_gp2\cours5\cours3\cours3.cpp(17): warning C4244: '+=' : conversion de 'double' en 'float', perte possible de données
c:\workspacegp2\hae_gp2\cours5\cours3\cours3.cpp(49): warning C4244: 'argument' : conversion de 'T' en 'T', perte possible de données
          with
          [
              T=unsigned int
          ]
          and
          [
              T=float
          ]
c:\workspacegp2\hae_gp2\cours5\cours3\cours3.cpp(97): warning C4244: 'argument' : conversion de 'T' en 'T', perte possible de données
          with
          [
              T=unsigned int
          ]
          and
          [
              T=float
          ]
c:\workspacegp2\hae_gp2\cours5\cours3\cours3.cpp(115): warning C4244: 'argument' : conversion de 'int' en 'float', perte possible de données
c:\workspacegp2\hae_gp2\cours5\cours3\cours3.cpp(120): warning C4244: 'argument' : conversion de 'int' en 'float', perte possible de données
c:\workspacegp2\hae_gp2\cours5\cours3\cours3.cpp(177): warning C4244: 'argument' : conversion de 'int' en 'float', perte possible de données
c:\workspacegp2\hae_gp2\cours5\cours3\cours3.cpp(178): warning C4244: 'argument' : conversion de 'int' en 'float', perte possible de données
c:\workspacegp2\hae_gp2\cours5\cours3\cours3.cpp(185): warning C4244: 'argument' : conversion de 'double' en 'float', perte possible de données
  cours3.vcxproj -> C:\WorkSpacegp2\hae_gp2\cours5\x64\Debug\cours3.exe
