  World.cpp
d:\unity\hae_gp2\tanksproject\cours3\world.cpp(158): warning C4244: 'argument' : conversion de 'int' en 'T', perte possible de données
          with
          [
              T=float
          ]
d:\unity\hae_gp2\tanksproject\cours3\world.cpp(159): warning C4244: 'argument' : conversion de 'int' en 'T', perte possible de données
          with
          [
              T=float
          ]
d:\unity\hae_gp2\tanksproject\cours3\world.cpp(170): warning C4244: 'argument' : conversion de 'int' en 'T', perte possible de données
          with
          [
              T=float
          ]
d:\unity\hae_gp2\tanksproject\cours3\world.cpp(171): warning C4244: 'argument' : conversion de 'int' en 'T', perte possible de données
          with
          [
              T=float
          ]
d:\unity\hae_gp2\tanksproject\cours3\world.cpp(179): warning C4244: 'argument' : conversion de 'int' en 'T', perte possible de données
          with
          [
              T=float
          ]
d:\unity\hae_gp2\tanksproject\cours3\world.cpp(180): warning C4244: 'argument' : conversion de 'int' en 'T', perte possible de données
          with
          [
              T=float
          ]
d:\unity\hae_gp2\tanksproject\cours3\world.cpp(189): warning C4244: 'argument' : conversion de 'int' en 'float', perte possible de données
d:\unity\hae_gp2\tanksproject\cours3\world.cpp(190): warning C4244: 'argument' : conversion de 'int' en 'T', perte possible de données
          with
          [
              T=float
          ]
d:\unity\hae_gp2\tanksproject\cours3\world.cpp(203): warning C4244: 'argument' : conversion de 'int' en 'T', perte possible de données
          with
          [
              T=float
          ]
d:\unity\hae_gp2\tanksproject\cours3\world.cpp(219): warning C4244: 'argument' : conversion de 'int' en 'T', perte possible de données
          with
          [
              T=float
          ]
d:\unity\hae_gp2\tanksproject\cours3\world.cpp(220): warning C4244: 'argument' : conversion de 'int' en 'T', perte possible de données
          with
          [
              T=float
          ]
d:\unity\hae_gp2\tanksproject\cours3\world.cpp(230): warning C4244: 'argument' : conversion de 'int' en 'float', perte possible de données
d:\unity\hae_gp2\tanksproject\cours3\world.cpp(231): warning C4244: 'argument' : conversion de 'int' en 'T', perte possible de données
          with
          [
              T=float
          ]
d:\unity\hae_gp2\tanksproject\cours3\world.cpp(239): warning C4244: 'argument' : conversion de 'int' en 'float', perte possible de données
d:\unity\hae_gp2\tanksproject\cours3\world.cpp(240): warning C4244: 'argument' : conversion de 'int' en 'T', perte possible de données
          with
          [
              T=float
          ]
d:\unity\hae_gp2\tanksproject\cours3\world.cpp(250): warning C4244: 'argument' : conversion de 'int' en 'T', perte possible de données
          with
          [
              T=float
          ]
d:\unity\hae_gp2\tanksproject\cours3\world.cpp(266): warning C4244: 'argument' : conversion de 'int' en 'float', perte possible de données
d:\unity\hae_gp2\tanksproject\cours3\world.cpp(267): warning C4244: 'argument' : conversion de 'int' en 'T', perte possible de données
          with
          [
              T=float
          ]
d:\unity\hae_gp2\tanksproject\cours3\world.cpp(279): warning C4244: 'argument' : conversion de 'int' en 'T', perte possible de données
          with
          [
              T=float
          ]
  Génération de code en cours
  2 of 664 functions ( 0.3%) were compiled, the rest were copied from previous compilation.
    0 functions were new in current compilation
    1 functions had inline decision re-evaluated but remain unchanged
  Fin de la génération du code
  cours3.vcxproj -> D:\unity\hae_gp2\TanksProject\x64\Release\cours3.exe
