  pch.cpp
  cours3.cpp
  Entity.cpp
d:\unity\hae_gp2\cours5\cours3\entity.cpp(11): warning C4244: '+=' : conversion de 'double' en 'T', perte possible de données
          with
          [
              T=float
          ]
  particle.cpp
d:\unity\hae_gp2\cours5\cours3\particle.cpp(2): warning C4067: jetons inattendus après la directive du préprocesseur - saut de ligne attendu
d:\unity\hae_gp2\cours5\cours3\particle.cpp(6): warning C4244: 'argument' : conversion de 'int' en 'float', perte possible de données
d:\unity\hae_gp2\cours5\cours3\particle.cpp(8): warning C4244: 'argument' : conversion de 'int' en 'T', perte possible de données
          with
          [
              T=float
          ]
d:\unity\hae_gp2\cours5\cours3\particle.cpp(35): warning C4244: '+=' : conversion de 'double' en '_Ty', perte possible de données
          with
          [
              _Ty=float
          ]
d:\unity\hae_gp2\cours5\cours3\particle.cpp(36): warning C4244: '+=' : conversion de 'double' en '_Ty', perte possible de données
          with
          [
              _Ty=float
          ]
d:\unity\hae_gp2\cours5\cours3\particle.cpp(65): warning C4267: 'initialisation' : conversion de 'size_t' en 'int', perte possible de données
d:\unity\hae_gp2\cours5\cours3\particle.cpp(65): warning C4267: 'initialisation' : conversion de 'size_t' en 'const int', perte possible de données
  Pong.cpp
d:\unity\hae_gp2\cours5\cours3\pong.cpp(68): warning C4244: 'initialisation' : conversion de 'double' en 'float', perte possible de données
d:\unity\hae_gp2\cours5\cours3\pong.cpp(69): warning C4244: 'initialisation' : conversion de 'double' en 'float', perte possible de données
  Source.cpp
  World.cpp
  Génération de code en cours
  107 of 107 functions (100.0%) were compiled.
    103 functions were new in current compilation
    0 functions had inline decision re-evaluated but remain unchanged
  Fin de la génération du code
  cours3.vcxproj -> D:\unity\hae_gp2\cours5\x64\Release\cours3.exe
