  cours3.cpp
c:\workspace_gp2\github\hae_gp2\cours4\cours3\cours3.cpp(16): warning C4244: '+=' : conversion de 'double' en 'float', perte possible de données
c:\workspace_gp2\github\hae_gp2\cours4\cours3\cours3.cpp(48): warning C4244: 'argument' : conversion de 'T' en 'T', perte possible de données
          with
          [
              T=unsigned int
          ]
          and
          [
              T=float
          ]
c:\workspace_gp2\github\hae_gp2\cours4\cours3\cours3.cpp(96): warning C4244: 'argument' : conversion de 'T' en 'T', perte possible de données
          with
          [
              T=unsigned int
          ]
          and
          [
              T=float
          ]
c:\workspace_gp2\github\hae_gp2\cours4\cours3\cours3.cpp(112): warning C4244: 'argument' : conversion de 'int' en 'float', perte possible de données
c:\workspace_gp2\github\hae_gp2\cours4\cours3\cours3.cpp(117): warning C4244: 'argument' : conversion de 'int' en 'float', perte possible de données
c:\workspace_gp2\github\hae_gp2\cours4\cours3\cours3.cpp(174): warning C4244: 'argument' : conversion de 'int' en 'float', perte possible de données
c:\workspace_gp2\github\hae_gp2\cours4\cours3\cours3.cpp(175): warning C4244: 'argument' : conversion de 'int' en 'float', perte possible de données
c:\workspace_gp2\github\hae_gp2\cours4\cours3\cours3.cpp(182): warning C4244: 'argument' : conversion de 'double' en 'float', perte possible de données
c:\workspace_gp2\github\hae_gp2\cours4\cours3\cours3.cpp(105): fatal error C1075: '{' : jeton correspondant introuvable
  particle.cpp
c:\workspace_gp2\github\hae_gp2\cours4\cours3\particle.cpp(2): warning C4067: jetons inattendus après la directive du préprocesseur - saut de ligne attendu
c:\workspace_gp2\github\hae_gp2\cours4\cours3\particle.cpp(6): warning C4244: 'argument' : conversion de 'int' en 'float', perte possible de données
c:\workspace_gp2\github\hae_gp2\cours4\cours3\particle.cpp(8): warning C4244: 'argument' : conversion de 'int' en 'T', perte possible de données
          with
          [
              T=float
          ]
c:\workspace_gp2\github\hae_gp2\cours4\cours3\particle.cpp(34): warning C4244: '+=' : conversion de 'double' en '_Ty', perte possible de données
          with
          [
              _Ty=float
          ]
c:\workspace_gp2\github\hae_gp2\cours4\cours3\particle.cpp(35): warning C4244: '+=' : conversion de 'double' en '_Ty', perte possible de données
          with
          [
              _Ty=float
          ]
c:\workspace_gp2\github\hae_gp2\cours4\cours3\particle.cpp(46): warning C4267: 'initialisation' : conversion de 'size_t' en 'int', perte possible de données
c:\workspace_gp2\github\hae_gp2\cours4\cours3\particle.cpp(46): warning C4267: 'initialisation' : conversion de 'size_t' en 'const int', perte possible de données
  Génération de code en cours...
